# JRE version: Java(TM) SE Runtime Environment (8.0_181-b13) (build 1.8.0_181-b13)
# Java VM: Java HotSpot(TM) 64-Bit Server VM (25.181-b13 mixed mode windows-amd64 compressed oops)
Heap:
 PSYoungGen      total 38400K, used 17959K [0x00000000d5d00000, 0x00000000d8780000, 0x0000000100000000)
  eden space 33280K, 53% used [0x00000000d5d00000,0x00000000d6e89c88,0x00000000d7d80000)
  from space 5120K, 0% used [0x00000000d8280000,0x00000000d8280000,0x00000000d8780000)
  to   space 5120K, 0% used [0x00000000d7d80000,0x00000000d7d80000,0x00000000d8280000)
 ParOldGen       total 56832K, used 12035K [0x0000000081600000, 0x0000000084d80000, 0x00000000d5d00000)
  object space 56832K, 21% used [0x0000000081600000,0x00000000821c0f48,0x0000000084d80000)
 Metaspace       used 22602K, capacity 23916K, committed 23984K, reserved 1069056K
  class space    used 3148K, capacity 3441K, committed 3504K, reserved 1048576K
GC Heap History (6 events):
Event: 2.901 GC heap before
{Heap before GC invocations=1 (full 0):
 PSYoungGen      total 38400K, used 33280K [0x00000000d5d00000, 0x00000000d8780000, 0x0000000100000000)
  eden space 33280K, 100% used [0x00000000d5d00000,0x00000000d7d80000,0x00000000d7d80000)
  from space 5120K, 0% used [0x00000000d8280000,0x00000000d8280000,0x00000000d8780000)
  to   space 5120K, 0% used [0x00000000d7d80000,0x00000000d7d80000,0x00000000d8280000)
 ParOldGen       total 87552K, used 0K [0x0000000081600000, 0x0000000086b80000, 0x00000000d5d00000)
  object space 87552K, 0% used [0x0000000081600000,0x0000000081600000,0x0000000086b80000)
 Metaspace       used 13602K, capacity 14104K, committed 14336K, reserved 1060864K
  class space    used 1843K, capacity 1963K, committed 2048K, reserved 1048576K
Event: 2.914 GC heap after
Heap after GC invocations=1 (full 0):
 PSYoungGen      total 38400K, used 3952K [0x00000000d5d00000, 0x00000000d8780000, 0x0000000100000000)
  eden space 33280K, 0% used [0x00000000d5d00000,0x00000000d5d00000,0x00000000d7d80000)
  from space 5120K, 77% used [0x00000000d7d80000,0x00000000d815c030,0x00000000d8280000)
  to   space 5120K, 0% used [0x00000000d8280000,0x00000000d8280000,0x00000000d8780000)
 ParOldGen       total 87552K, used 80K [0x0000000081600000, 0x0000000086b80000, 0x00000000d5d00000)
  object space 87552K, 0% used [0x0000000081600000,0x0000000081614010,0x0000000086b80000)
 Metaspace       used 13602K, capacity 14104K, committed 14336K, reserved 1060864K
  class space    used 1843K, capacity 1963K, committed 2048K, reserved 1048576K
}
Event: 31.925 GC heap before
{Heap before GC invocations=2 (full 0):
 PSYoungGen      total 38400K, used 35598K [0x00000000d5d00000, 0x00000000d8780000, 0x0000000100000000)
  eden space 33280K, 95% used [0x00000000d5d00000,0x00000000d7be7a28,0x00000000d7d80000)
  from space 5120K, 77% used [0x00000000d7d80000,0x00000000d815c030,0x00000000d8280000)
  to   space 5120K, 0% used [0x00000000d8280000,0x00000000d8280000,0x00000000d8780000)
 ParOldGen       total 87552K, used 80K [0x0000000081600000, 0x0000000086b80000, 0x00000000d5d00000)
  object space 87552K, 0% used [0x0000000081600000,0x0000000081614010,0x0000000086b80000)
 Metaspace       used 20434K, capacity 21228K, committed 21296K, reserved 1067008K
  class space    used 2845K, capacity 3083K, committed 3120K, reserved 1048576K
Event: 31.964 GC heap after
Heap after GC invocations=2 (full 0):
 PSYoungGen      total 38400K, used 5098K [0x00000000d5d00000, 0x00000000d8780000, 0x0000000100000000)
  eden space 33280K, 0% used [0x00000000d5d00000,0x00000000d5d00000,0x00000000d7d80000)
  from space 5120K, 99% used [0x00000000d8280000,0x00000000d877a860,0x00000000d8780000)
  to   space 5120K, 0% used [0x00000000d7d80000,0x00000000d7d80000,0x00000000d8280000)
 ParOldGen       total 87552K, used 9131K [0x0000000081600000, 0x0000000086b80000, 0x00000000d5d00000)
  object space 87552K, 10% used [0x0000000081600000,0x0000000081eeadf8,0x0000000086b80000)
 Metaspace       used 20434K, capacity 21228K, committed 21296K, reserved 1067008K
  class space    used 2845K, capacity 3083K, committed 3120K, reserved 1048576K
}
Event: 31.965 GC heap before
{Heap before GC invocations=3 (full 1):
 PSYoungGen      total 38400K, used 5098K [0x00000000d5d00000, 0x00000000d8780000, 0x0000000100000000)
  eden space 33280K, 0% used [0x00000000d5d00000,0x00000000d5d00000,0x00000000d7d80000)
  from space 5120K, 99% used [0x00000000d8280000,0x00000000d877a860,0x00000000d8780000)
  to   space 5120K, 0% used [0x00000000d7d80000,0x00000000d7d80000,0x00000000d8280000)
 ParOldGen       total 87552K, used 9131K [0x0000000081600000, 0x0000000086b80000, 0x00000000d5d00000)
  object space 87552K, 10% used [0x0000000081600000,0x0000000081eeadf8,0x0000000086b80000)
 Metaspace       used 20434K, capacity 21228K, committed 21296K, reserved 1067008K
  class space    used 2845K, capacity 3083K, committed 3120K, reserved 1048576K
Event: 32.073 GC heap after
Heap after GC invocations=3 (full 1):
 PSYoungGen      total 38400K, used 0K [0x00000000d5d00000, 0x00000000d8780000, 0x0000000100000000)
  eden space 33280K, 0% used [0x00000000d5d00000,0x00000000d5d00000,0x00000000d7d80000)
  from space 5120K, 0% used [0x00000000d8280000,0x00000000d8280000,0x00000000d8780000)
  to   space 5120K, 0% used [0x00000000d7d80000,0x00000000d7d80000,0x00000000d8280000)
 ParOldGen       total 56832K, used 12035K [0x0000000081600000, 0x0000000084d80000, 0x00000000d5d00000)
  object space 56832K, 21% used [0x0000000081600000,0x00000000821c0f48,0x0000000084d80000)
 Metaspace       used 20434K, capacity 21228K, committed 21296K, reserved 1067008K
  class space    used 2845K, capacity 3083K, committed 3120K, reserved 1048576K
}

